IQ-TREE multicore version 2.1.2 COVID-edition for Linux 64-bit built Oct 22 2020
Developed by Bui Quang Minh, James Barbetti, Nguyen Lam Tung,
Olga Chernomor, Heiko Schmidt, Dominik Schrempf, Michael Woodhams.

Host:    toyano22 (AVX512, FMA3, 7 GB RAM)
Command: iqtree2 -s data/turtle.fa -p data/turtle.nex -B 1000 -T 2 -m MFP+MERGE -rcluster 10 --prefix data/turtle.merge
Seed:    271701 (Using SPRNG - Scalable Parallel Random Number Generator)
Time:    Tue Feb 14 09:48:38 2023
Kernel:  AVX+FMA - 2 threads (8 CPU cores detected)

Reading partition model file data/turtle.nex ...
Reading alignment file data/turtle.fa ... Fasta format detected
Alignment most likely contains DNA/RNA sequences
Alignment has 16 sequences with 20820 columns, 8574 distinct patterns
6084 parsimony-informative, 3551 singleton sites, 11185 constant sites
                   Gap/Ambiguity  Composition  p-value
   1  protopterus         67.26%    failed      0.00%
   2  Anolis               1.61%    passed     48.30%
   3  Gallus               0.01%    passed     11.30%
   4  Homo                 0.29%    passed     68.82%
   5  Monodelphis          0.46%    failed      0.21%
   6  Ornithorhynchus      3.73%    failed      0.00%
   7  Taeniopygia          2.10%    failed      0.00%
   8  Xenopus              1.50%    passed     27.31%
   9  alligator           80.50%    passed     19.63%
  10  emys_orbicularis    56.95%    passed     71.94%
  11  phrynops            36.77%    passed     17.20%
  12  caiman              41.06%    passed      5.16%
  13  caretta             36.33%    passed      6.75%
  14  python              65.18%    failed      0.00%
  15  chelonoidis_nigra   68.53%    failed      0.77%
  16  podarcis            76.21%    failed      0.14%
WARNING: 6 sequences contain more than 50% gaps/ambiguity
****  TOTAL               33.66%  7 sequences failed composition chi2 test (p-value<5%; df=3)
NOTE: No CharPartition defined, use all CharSets

Loading 29 partitions...
Subset	Type	Seqs	Sites	Infor	Invar	Model	Name
1		11	846	282	382	MFP+MERGE	ENSGALG00000000223.macse_DNA_gb
2		10	522	193	227	MFP+MERGE	ENSGALG00000001529.macse_DNA_gb
3		10	672	194	351	MFP+MERGE	ENSGALG00000002002.macse_DNA_gb
4		14	732	222	422	MFP+MERGE	ENSGALG00000002514.macse_DNA_gb
5		15	966	313	556	MFP+MERGE	ENSGALG00000003337.macse_DNA_gb
6		14	885	257	525	MFP+MERGE	ENSGALG00000003700.macse_DNA_gb
7		10	1545	359	833	MFP+MERGE	ENSGALG00000003702.macse_DNA_gb
8		12	480	176	225	MFP+MERGE	ENSGALG00000003907.macse_DNA_gb
9		12	576	176	318	MFP+MERGE	ENSGALG00000005820.macse_DNA_gb
10		15	696	129	483	MFP+MERGE	ENSGALG00000005834.macse_DNA_gb
11		13	570	124	334	MFP+MERGE	ENSGALG00000005902.macse_DNA_gb
12		12	792	283	334	MFP+MERGE	ENSGALG00000008338.macse_DNA_gb
13		11	540	129	329	MFP+MERGE	ENSGALG00000008517.macse_DNA_gb
14		12	546	231	262	MFP+MERGE	ENSGALG00000008916.macse_DNA_gb
15		11	930	243	547	MFP+MERGE	ENSGALG00000009085.macse_DNA_gb
16		13	597	239	261	MFP+MERGE	ENSGALG00000009879.macse_DNA_gb
17		9	900	290	406	MFP+MERGE	ENSGALG00000011323.macse_DNA_gb
18		10	447	201	211	MFP+MERGE	ENSGALG00000011434.macse_DNA_gb
19		12	981	172	659	MFP+MERGE	ENSGALG00000011917.macse_DNA_gb
20		10	468	169	191	MFP+MERGE	ENSGALG00000011966.macse_DNA_gb
21		13	753	233	387	MFP+MERGE	ENSGALG00000012244.macse_DNA_gb
22		13	519	149	292	MFP+MERGE	ENSGALG00000012379.macse_DNA_gb
23		9	630	158	382	MFP+MERGE	ENSGALG00000012568.macse_DNA_gb
24		10	1302	279	815	MFP+MERGE	ENSGALG00000013227.macse_DNA_gb
25		11	561	176	297	MFP+MERGE	ENSGALG00000014038.macse_DNA_gb
26		9	498	96	314	MFP+MERGE	ENSGALG00000014648.macse_DNA_gb
27		10	597	187	238	MFP+MERGE	ENSGALG00000015326.macse_DNA_gb
28		12	594	175	281	MFP+MERGE	ENSGALG00000015397.macse_DNA_gb
29		13	675	249	323	MFP+MERGE	ENSGALG00000016241.macse_DNA_gb
Degree of missing data: 0.276
Info: multi-threading strategy over partitions



Create initial parsimony tree by phylogenetic likelihood library (PLL)... 0.009 seconds
Perform fast likelihood tree search using GTR+I+G model...
Estimate model parameters (epsilon = 5.000)
Initial log-likelihood: -120782.688
Current log-likelihood at step 1: -115479.261
Current log-likelihood at step 2: -115369.679
Current log-likelihood at step 3: -115366.429
Parameters optimization took 2 rounds (0.401 sec)

Perform nearest neighbor interchange...
Estimate model parameters (epsilon = 1.000)
Initial log-likelihood: -115363.315
Current log-likelihood at step 1: -115358.285
Current log-likelihood at step 2: -115356.236
Current log-likelihood at step 3: -115354.616
Current log-likelihood at step 4: -115352.863
Current log-likelihood at step 5: -115350.939
Current log-likelihood at step 6: -115348.807
Current log-likelihood at step 7: -115346.464
Current log-likelihood at step 8: -115343.944
Current log-likelihood at step 9: -115341.589
Current log-likelihood at step 10: -115339.536
Current log-likelihood at step 11: -115337.808
Current log-likelihood at step 12: -115336.163
Current log-likelihood at step 13: -115334.472
Current log-likelihood at step 14: -115332.631
Current log-likelihood at step 15: -115330.647
Current log-likelihood at step 16: -115328.562
Current log-likelihood at step 17: -115326.625
Current log-likelihood at step 18: -115324.971
Current log-likelihood at step 19: -115323.542
Current log-likelihood at step 20: -115322.212
Current log-likelihood at step 21: -115321.053
Current log-likelihood at step 22: -115320.127
Partition-specific rates:  1.097 1.333 1.061 1.018 1.251 0.765 0.875 1.106 0.782 0.479 0.646 1.059 0.695 1.832 1.022 1.204 1.273 1.913 0.596 1.322 1.147 1.001 0.804 0.691 0.911 0.657 1.130 0.975 1.260
Parameters optimization took 21 rounds (0.921 sec)

Time for fast ML tree search: 1.409 seconds

NOTE: ModelFinder requires 7 MB RAM!
Selecting individual models for 29 charsets using BIC...
 No. Model        Score       TreeLen     Charset
   1 GTR+F+I+G4   15338.313   1.302       ENSGALG00000003702.macse_DNA_gb
   2 GTR+F+I+G4   12518.486   2.511       ENSGALG00000003337.macse_DNA_gb
   3 GTR+F+I+G4   10396.449   2.002       ENSGALG00000008338.macse_DNA_gb
   4 GTR+F+I+G4   9509.093    1.501       ENSGALG00000003700.macse_DNA_gb
   5 GTR+F+I+G4   10244.478   2.002       ENSGALG00000000223.macse_DNA_gb
   6 GTR+F+I+G4   8645.661    1.948       ENSGALG00000002514.macse_DNA_gb
   7 GTR+F+I+G4   8405.633    2.289       ENSGALG00000009879.macse_DNA_gb
   8 GTR+F+I+G4   8832.890    2.093       ENSGALG00000016241.macse_DNA_gb
   9 GTR+F+I+G4   8800.247    1.838       ENSGALG00000012244.macse_DNA_gb
  10 GTR+F+I+G4   11212.121   1.080       ENSGALG00000013227.macse_DNA_gb	0h:0m:0s (0h:0m:0s left)
  11 GTR+F+I+G4   9150.923    1.624       ENSGALG00000009085.macse_DNA_gb	0h:0m:0s (0h:0m:0s left)
  12 GTR+F+I+G4   10585.943   1.860       ENSGALG00000011323.macse_DNA_gb	0h:0m:0s (0h:0m:0s left)
  13 GTR+F+I+G4   6146.066    0.965       ENSGALG00000005834.macse_DNA_gb	0h:0m:0s (0h:0m:0s left)
  14 GTR+F+I+G4   7334.640    1.605       ENSGALG00000015397.macse_DNA_gb	0h:0m:0s (0h:0m:0s left)
  15 GTR+F+I+G4   8247.311    0.929       ENSGALG00000011917.macse_DNA_gb	0h:0m:0s (0h:0m:0s left)
  16 GTR+F+I+G4   5968.271    1.757       ENSGALG00000003907.macse_DNA_gb	0h:0m:0s (0h:0m:0s left)
  17 GTR+F+I+G4   6273.399    1.443       ENSGALG00000005820.macse_DNA_gb	0h:0m:0s (0h:0m:0s left)
  18 GTR+F+I+G4   5798.215    1.611       ENSGALG00000012379.macse_DNA_gb	0h:0m:0s (0h:0m:0s left)
  19 GTR+F+I+G4   7556.811    1.717       ENSGALG00000015326.macse_DNA_gb	0h:0m:0s (0h:0m:0s left)
  20 GTR+F+I+G4   6880.702    2.084       ENSGALG00000001529.macse_DNA_gb	0h:0m:0s (0h:0m:0s left)
  21 GTR+F+I+G4   7390.103    2.713       ENSGALG00000008916.macse_DNA_gb	0h:0m:0s (0h:0m:0s left)
  22 GTR+F+I+G4   6690.612    1.744       ENSGALG00000014038.macse_DNA_gb	0h:0m:0s (0h:0m:0s left)
  23 GTR+F+I+G4   7282.133    1.579       ENSGALG00000002002.macse_DNA_gb	0h:0m:0s (0h:0m:0s left)
  24 GTR+F+I+G4   5784.670    1.198       ENSGALG00000005902.macse_DNA_gb	0h:0m:0s (0h:0m:0s left)
  25 GTR+F+I+G4   6122.063    2.843       ENSGALG00000011434.macse_DNA_gb	0h:0m:0s (0h:0m:0s left)
  26 GTR+F+I+G4   5994.913    1.965       ENSGALG00000011966.macse_DNA_gb	0h:0m:0s (0h:0m:0s left)
  27 GTR+F+I+G4   5462.332    1.321       ENSGALG00000008517.macse_DNA_gb	0h:0m:0s (0h:0m:0s left)
  28 GTR+F+I+G4   5889.278    1.175       ENSGALG00000012568.macse_DNA_gb	0h:0m:0s (0h:0m:0s left)
  29 GTR+F+I+G4   4258.924    0.953       ENSGALG00000014648.macse_DNA_gb	0h:0m:0s (0h:0m:0s left)
Full partition model BIC score: 234088.923 (LnL: -115319.235  df:347)
Merging models to increase model fit (about 113 total partition schemes)...
  30 GTR+F+I+G4   234097.679  1.938       ENSGALG00000002514.macse_DNA_gb+ENSGALG00000008338.macse_DNA_gb	0h:0m:0s (0h:0m:0s left)
  31 GTR+F+I+G4   233998.942  2.031       ENSGALG00000000223.macse_DNA_gb+ENSGALG00000008338.macse_DNA_gb	0h:0m:0s (0h:0m:0s left)
  32 GTR+F+I+G4   234043.560  2.286       ENSGALG00000008338.macse_DNA_gb+ENSGALG00000016241.macse_DNA_gb	0h:0m:0s (0h:0m:0s left)
  33 GTR+F+I+G4   233997.570  2.370       ENSGALG00000000223.macse_DNA_gb+ENSGALG00000016241.macse_DNA_gb	0h:0m:0s (0h:0m:0s left)
  34 GTR+F+I+G4   234046.680  2.035       ENSGALG00000000223.macse_DNA_gb+ENSGALG00000002514.macse_DNA_gb	0h:0m:0s (0h:0m:0s left)
  35 GTR+F+I+G4   234025.471  2.190       ENSGALG00000002514.macse_DNA_gb+ENSGALG00000012244.macse_DNA_gb	0h:0m:0s (0h:0m:0s left)
  36 GTR+F+I+G4   234049.930  2.241       ENSGALG00000002514.macse_DNA_gb+ENSGALG00000011323.macse_DNA_gb	0h:0m:0s (0h:0m:0s left)
  37 GTR+F+I+G4   234019.018  1.706       ENSGALG00000003700.macse_DNA_gb+ENSGALG00000015397.macse_DNA_gb	0h:0m:0s (0h:0m:0s left)
  38 GTR+F+I+G4   234013.550  1.496       ENSGALG00000003702.macse_DNA_gb+ENSGALG00000005902.macse_DNA_gb	0h:0m:0s (0h:0m:0s left)
  39 GTR+F+I+G4   234011.153  1.962       ENSGALG00000011323.macse_DNA_gb+ENSGALG00000012244.macse_DNA_gb	0h:0m:0s (0h:0m:0s left)
  40 GTR+F+I+G4   233997.574  2.320       ENSGALG00000001529.macse_DNA_gb+ENSGALG00000008338.macse_DNA_gb	0h:0m:0s (0h:0m:0s left)
  41 GTR+F+I+G4   234004.462  1.662       ENSGALG00000003700.macse_DNA_gb+ENSGALG00000012379.macse_DNA_gb	0h:0m:0s (0h:0m:0s left)
  42 GTR+F+I+G4   234010.402  1.526       ENSGALG00000003700.macse_DNA_gb+ENSGALG00000005820.macse_DNA_gb	0h:0m:0s (0h:0m:0s left)
  43 GTR+F+I+G4   234065.299  1.704       ENSGALG00000002002.macse_DNA_gb+ENSGALG00000003700.macse_DNA_gb	0h:0m:0s (0h:0m:1s left)
  44 GTR+F+I+G4   234008.688  1.784       ENSGALG00000003907.macse_DNA_gb+ENSGALG00000012244.macse_DNA_gb	0h:0m:0s (0h:0m:1s left)
  45 GTR+F+I+G4   234047.445  1.613       ENSGALG00000003702.macse_DNA_gb+ENSGALG00000008517.macse_DNA_gb	0h:0m:0s (0h:0m:1s left)
  46 GTR+F+I+G4   233993.484  2.169       ENSGALG00000008338.macse_DNA_gb+ENSGALG00000011966.macse_DNA_gb	0h:0m:0s (0h:0m:1s left)
  47 GTR+F+I+G4   233992.049  2.319       ENSGALG00000000223.macse_DNA_gb+ENSGALG00000001529.macse_DNA_gb	0h:0m:0s (0h:0m:1s left)
  48 GTR+F+I+G4   234008.460  2.137       ENSGALG00000001529.macse_DNA_gb+ENSGALG00000016241.macse_DNA_gb	0h:0m:0s (0h:0m:1s left)
  49 GTR+F+I+G4   234011.012  2.039       ENSGALG00000012244.macse_DNA_gb+ENSGALG00000014038.macse_DNA_gb	0h:0m:0s (0h:0m:1s left)
  50 GTR+F+I+G4   234006.651  1.595       ENSGALG00000009085.macse_DNA_gb+ENSGALG00000015397.macse_DNA_gb	0h:0m:0s (0h:0m:1s left)
  51 GTR+F+I+G4   233995.452  2.152       ENSGALG00000000223.macse_DNA_gb+ENSGALG00000011966.macse_DNA_gb	0h:0m:0s (0h:0m:1s left)
  52 GTR+F+I+G4   233987.230  1.931       ENSGALG00000003907.macse_DNA_gb+ENSGALG00000011323.macse_DNA_gb	0h:0m:0s (0h:0m:1s left)
  53 GTR+F+I+G4   234134.526  1.659       ENSGALG00000009085.macse_DNA_gb+ENSGALG00000015326.macse_DNA_gb	0h:0m:0s (0h:0m:1s left)
  54 GTR+F+I+G4   234066.356  2.129       ENSGALG00000002514.macse_DNA_gb+ENSGALG00000011966.macse_DNA_gb	0h:0m:0s (0h:0m:1s left)
  55 GTR+F+I+G4   233994.491  1.607       ENSGALG00000009085.macse_DNA_gb+ENSGALG00000012379.macse_DNA_gb	0h:0m:0s (0h:0m:1s left)
  56 GTR+F+I+G4   234007.274  2.131       ENSGALG00000011966.macse_DNA_gb+ENSGALG00000016241.macse_DNA_gb	0h:0m:1s (0h:0m:1s left)
  57 GTR+F+I+G4   234000.346  1.088       ENSGALG00000005834.macse_DNA_gb+ENSGALG00000011917.macse_DNA_gb	0h:0m:1s (0h:0m:1s left)
  58 GTR+F+I+G4   234019.690  1.901       ENSGALG00000011966.macse_DNA_gb+ENSGALG00000012244.macse_DNA_gb	0h:0m:1s (0h:0m:1s left)
  59 GTR+F+I+G4   234035.571  1.615       ENSGALG00000002002.macse_DNA_gb+ENSGALG00000009085.macse_DNA_gb	0h:0m:1s (0h:0m:1s left)
  60 GTR+F+I+G4   234019.825  2.173       ENSGALG00000011323.macse_DNA_gb+ENSGALG00000014038.macse_DNA_gb	0h:0m:1s (0h:0m:1s left)
  61 GTR+F+I+G4   234064.653  1.119       ENSGALG00000012568.macse_DNA_gb+ENSGALG00000013227.macse_DNA_gb	0h:0m:1s (0h:0m:1s left)
  62 GTR+F+I+G4   234004.844  1.624       ENSGALG00000012379.macse_DNA_gb+ENSGALG00000015397.macse_DNA_gb	0h:0m:1s (0h:0m:0s left)
  63 GTR+F+I+G4   233999.962  1.906       ENSGALG00000011323.macse_DNA_gb+ENSGALG00000011966.macse_DNA_gb	0h:0m:1s (0h:0m:0s left)
  64 GTR+F+I+G4   234074.100  1.712       ENSGALG00000015326.macse_DNA_gb+ENSGALG00000015397.macse_DNA_gb	0h:0m:1s (0h:0m:0s left)
  65 GTR+F+I+G4   234039.917  1.828       ENSGALG00000003907.macse_DNA_gb+ENSGALG00000015326.macse_DNA_gb	0h:0m:1s (0h:0m:0s left)
  66 GTR+F+I+G4   234027.279  1.651       ENSGALG00000002002.macse_DNA_gb+ENSGALG00000015397.macse_DNA_gb	0h:0m:1s (0h:0m:0s left)
  67 GTR+F+I+G4   234077.517  1.743       ENSGALG00000012379.macse_DNA_gb+ENSGALG00000015326.macse_DNA_gb	0h:0m:1s (0h:0m:0s left)
  68 GTR+F+I+G4   234008.403  1.928       ENSGALG00000003907.macse_DNA_gb+ENSGALG00000014038.macse_DNA_gb	0h:0m:1s (0h:0m:0s left)
  69 GTR+F+I+G4   234012.583  1.629       ENSGALG00000002002.macse_DNA_gb+ENSGALG00000012379.macse_DNA_gb	0h:0m:1s (0h:0m:0s left)
  70 GTR+F+I+G4   234095.437  1.983       ENSGALG00000014038.macse_DNA_gb+ENSGALG00000015326.macse_DNA_gb	0h:0m:1s (0h:0m:0s left)
  71 GTR+F+I+G4   233991.985  2.108       ENSGALG00000001529.macse_DNA_gb+ENSGALG00000011966.macse_DNA_gb	0h:0m:1s (0h:0m:0s left)
  72 GTR+F+I+G4   234051.279  2.712       ENSGALG00000008916.macse_DNA_gb+ENSGALG00000011434.macse_DNA_gb	0h:0m:1s (0h:0m:0s left)
  73 GTR+F+I+G4   234021.489  1.110       ENSGALG00000005834.macse_DNA_gb+ENSGALG00000014648.macse_DNA_gb	0h:0m:1s (0h:0m:0s left)
  74 GTR+F+I+G4   234001.791  1.328       ENSGALG00000005902.macse_DNA_gb+ENSGALG00000012568.macse_DNA_gb	0h:0m:1s (0h:0m:0s left)
  75 GTR+F+I+G4   234014.761  0.974       ENSGALG00000011917.macse_DNA_gb+ENSGALG00000014648.macse_DNA_gb	0h:0m:1s (0h:0m:0s left)
Merging ENSGALG00000003907.macse_DNA_gb+ENSGALG00000011323.macse_DNA_gb with BIC score: 233987.230 (LnL: -115323.079  df: 336)
  76 GTR+F+I+G4   233895.738  2.264       ENSGALG00000000223.macse_DNA_gb+ENSGALG00000003907.macse_DNA_gb+ENSGALG00000011323.macse_DNA_gb	0h:0m:1s (0h:0m:0s left)
  77 GTR+F+I+G4   233928.079  2.268       ENSGALG00000003907.macse_DNA_gb+ENSGALG00000008338.macse_DNA_gb+ENSGALG00000011323.macse_DNA_gb	0h:0m:1s (0h:0m:0s left)
  78 GTR+F+I+G4   233899.133  1.962       ENSGALG00000003907.macse_DNA_gb+ENSGALG00000011323.macse_DNA_gb+ENSGALG00000011966.macse_DNA_gb	0h:0m:1s (0h:0m:0s left)
  79 GTR+F+I+G4   233954.074  2.312       ENSGALG00000002514.macse_DNA_gb+ENSGALG00000003907.macse_DNA_gb+ENSGALG00000011323.macse_DNA_gb	0h:0m:1s (0h:0m:0s left)
  80 GTR+F+I+G4   233917.239  1.903       ENSGALG00000003907.macse_DNA_gb+ENSGALG00000011323.macse_DNA_gb+ENSGALG00000012244.macse_DNA_gb	0h:0m:1s (0h:0m:0s left)
Merging ENSGALG00000001529.macse_DNA_gb+ENSGALG00000011966.macse_DNA_gb with BIC score: 233890.292 (LnL: -115329.300  df: 325)
  81 GTR+F+I+G4   233798.289  2.395       ENSGALG00000001529.macse_DNA_gb+ENSGALG00000008338.macse_DNA_gb+ENSGALG00000011966.macse_DNA_gb	0h:0m:1s (0h:0m:0s left)
  82 GTR+F+I+G4   233795.801  2.372       ENSGALG00000000223.macse_DNA_gb+ENSGALG00000001529.macse_DNA_gb+ENSGALG00000011966.macse_DNA_gb	0h:0m:1s (0h:0m:0s left)
  83 GTR+F+I+G4   233880.660  1.833       ENSGALG00000012244.macse_DNA_gb+ENSGALG00000015326.macse_DNA_gb	0h:0m:1s (0h:0m:0s left)
  84 GTR+F+I+G4   233815.779  2.150       ENSGALG00000001529.macse_DNA_gb+ENSGALG00000011966.macse_DNA_gb+ENSGALG00000016241.macse_DNA_gb	0h:0m:1s (0h:0m:0s left)
Merging ENSGALG00000000223.macse_DNA_gb+ENSGALG00000001529.macse_DNA_gb+ENSGALG00000011966.macse_DNA_gb with BIC score: 233795.801 (LnL: -115336.745  df: 314)
  85 GTR+F+I+G4   233746.861  2.415       ENSGALG00000000223.macse_DNA_gb+ENSGALG00000001529.macse_DNA_gb+ENSGALG00000009879.macse_DNA_gb+ENSGALG00000011966.macse_DNA_gb	0h:0m:1s (0h:0m:0s left)
  86 GTR+F+I+G4   233719.679  1.297       ENSGALG00000005902.macse_DNA_gb+ENSGALG00000013227.macse_DNA_gb	0h:0m:1s (0h:0m:0s left)
  87 GTR+F+I+G4   233800.529  2.461       ENSGALG00000000223.macse_DNA_gb+ENSGALG00000001529.macse_DNA_gb+ENSGALG00000003337.macse_DNA_gb+ENSGALG00000011966.macse_DNA_gb	0h:0m:1s (0h:0m:0s left)
  88 GTR+F+I+G4   233724.671  1.237       ENSGALG00000005834.macse_DNA_gb+ENSGALG00000013227.macse_DNA_gb	0h:0m:2s (0h:0m:0s left)
  89 GTR+F+I+G4   233761.716  2.868       ENSGALG00000003337.macse_DNA_gb+ENSGALG00000008916.macse_DNA_gb	0h:0m:2s (0h:0m:0s left)
  90 GTR+F+I+G4   233704.579  1.861       ENSGALG00000009085.macse_DNA_gb+ENSGALG00000014038.macse_DNA_gb	0h:0m:2s (0h:0m:0s left)
  91 GTR+F+I+G4   233728.676  2.278       ENSGALG00000002514.macse_DNA_gb+ENSGALG00000016241.macse_DNA_gb	0h:0m:2s (0h:0m:0s left)
Merging ENSGALG00000009085.macse_DNA_gb+ENSGALG00000012379.macse_DNA_gb with BIC score: 233701.369 (LnL: -115344.219  df: 303)
  92 GTR+F+I+G4   233635.790  1.285       ENSGALG00000005902.macse_DNA_gb+ENSGALG00000008517.macse_DNA_gb	0h:0m:2s (0h:0m:0s left)
  93 GTR+F+I+G4   233639.826  1.456       ENSGALG00000005820.macse_DNA_gb+ENSGALG00000008517.macse_DNA_gb	0h:0m:2s (0h:0m:0s left)
  94 GTR+F+I+G4   233615.580  1.779       ENSGALG00000003700.macse_DNA_gb+ENSGALG00000009085.macse_DNA_gb+ENSGALG00000012379.macse_DNA_gb	0h:0m:2s (0h:0m:0s left)
  95 GTR+F+I+G4   233613.253  2.040       ENSGALG00000003907.macse_DNA_gb+ENSGALG00000011323.macse_DNA_gb+ENSGALG00000016241.macse_DNA_gb	0h:0m:2s (0h:0m:0s left)
  96 GTR+F+I+G4   233612.029  1.898       ENSGALG00000009085.macse_DNA_gb+ENSGALG00000012379.macse_DNA_gb+ENSGALG00000014038.macse_DNA_gb	0h:0m:2s (0h:0m:0s left)
  97 GTR+F+I+G4   233621.562  1.620       ENSGALG00000009085.macse_DNA_gb+ENSGALG00000012379.macse_DNA_gb+ENSGALG00000015397.macse_DNA_gb	0h:0m:2s (0h:0m:0s left)
  98 GTR+F+I+G4   233648.273  1.614       ENSGALG00000002002.macse_DNA_gb+ENSGALG00000009085.macse_DNA_gb+ENSGALG00000012379.macse_DNA_gb	0h:0m:2s (0h:0m:0s left)
  99 GTR+F+I+G4   233763.944  1.674       ENSGALG00000009085.macse_DNA_gb+ENSGALG00000012379.macse_DNA_gb+ENSGALG00000015326.macse_DNA_gb	0h:0m:2s (0h:0m:0s left)
Merging ENSGALG00000009085.macse_DNA_gb+ENSGALG00000012379.macse_DNA_gb+ENSGALG00000014038.macse_DNA_gb with BIC score: 233612.029 (LnL: -115354.239  df: 292)
 100 GTR+F+I+G4   233553.519  1.679       ENSGALG00000002002.macse_DNA_gb+ENSGALG00000015326.macse_DNA_gb	0h:0m:2s (0h:0m:0s left)
 101 GTR+F+I+G4   233588.351  2.080       ENSGALG00000003907.macse_DNA_gb+ENSGALG00000009085.macse_DNA_gb+ENSGALG00000011323.macse_DNA_gb+ENSGALG00000012379.macse_DNA_gb+ENSGALG00000014038.macse_DNA_gb	0h:0m:2s (0h:0m:0s left)
 102 GTR+F+I+G4   233532.740  1.979       ENSGALG00000002514.macse_DNA_gb+ENSGALG00000009085.macse_DNA_gb+ENSGALG00000012379.macse_DNA_gb+ENSGALG00000014038.macse_DNA_gb	0h:0m:2s (0h:0m:0s left)
 103 GTR+F+I+G4   233631.994  1.949       ENSGALG00000008338.macse_DNA_gb+ENSGALG00000009085.macse_DNA_gb+ENSGALG00000012379.macse_DNA_gb+ENSGALG00000014038.macse_DNA_gb	0h:0m:2s (0h:0m:0s left)
 104 GTR+F+I+G4   233544.880  1.999       ENSGALG00000009085.macse_DNA_gb+ENSGALG00000012244.macse_DNA_gb+ENSGALG00000012379.macse_DNA_gb+ENSGALG00000014038.macse_DNA_gb	0h:0m:2s (0h:0m:0s left)
Merging ENSGALG00000005834.macse_DNA_gb+ENSGALG00000011917.macse_DNA_gb with BIC score: 233523.452 (LnL: -115364.641  df: 281)
 105 GTR+F+I+G4   233461.401  1.212       ENSGALG00000005834.macse_DNA_gb+ENSGALG00000011917.macse_DNA_gb+ENSGALG00000013227.macse_DNA_gb	0h:0m:2s (0h:0m:0s left)
 106 GTR+F+I+G4   233445.005  1.143       ENSGALG00000005834.macse_DNA_gb+ENSGALG00000005902.macse_DNA_gb+ENSGALG00000011917.macse_DNA_gb	0h:0m:2s (0h:0m:0s left)
 107 GTR+F+I+G4   233501.762  1.215       ENSGALG00000005834.macse_DNA_gb+ENSGALG00000011917.macse_DNA_gb+ENSGALG00000012568.macse_DNA_gb	0h:0m:2s (0h:0m:0s left)
Merging ENSGALG00000005902.macse_DNA_gb+ENSGALG00000012568.macse_DNA_gb with BIC score: 233436.320 (LnL: -115375.764  df: 270)
 108 GTR+F+I+G4   233382.771  1.488       ENSGALG00000003702.macse_DNA_gb+ENSGALG00000005902.macse_DNA_gb+ENSGALG00000012568.macse_DNA_gb	0h:0m:2s (0h:0m:0s left)
 109 GTR+F+I+G4   233412.754  1.372       ENSGALG00000005902.macse_DNA_gb+ENSGALG00000008517.macse_DNA_gb+ENSGALG00000012568.macse_DNA_gb	0h:0m:2s (0h:0m:0s left)
 110 GTR+F+I+G4   233363.996  1.384       ENSGALG00000005820.macse_DNA_gb+ENSGALG00000005902.macse_DNA_gb+ENSGALG00000012568.macse_DNA_gb	0h:0m:3s (0h:0m:0s left)
Merging ENSGALG00000002514.macse_DNA_gb+ENSGALG00000009085.macse_DNA_gb+ENSGALG00000012379.macse_DNA_gb+ENSGALG00000014038.macse_DNA_gb with BIC score: 233357.030 (LnL: -115390.810  df: 259)
 111 GTR+F+I+G4   233294.239  2.052       ENSGALG00000002514.macse_DNA_gb+ENSGALG00000009085.macse_DNA_gb+ENSGALG00000012244.macse_DNA_gb+ENSGALG00000012379.macse_DNA_gb+ENSGALG00000014038.macse_DNA_gb	0h:0m:3s (0h:0m:0s left)
 112 GTR+F+I+G4   233345.604  2.128       ENSGALG00000002514.macse_DNA_gb+ENSGALG00000003907.macse_DNA_gb+ENSGALG00000009085.macse_DNA_gb+ENSGALG00000011323.macse_DNA_gb+ENSGALG00000012379.macse_DNA_gb+ENSGALG00000014038.macse_DNA_gb	0h:0m:3s (0h:0m:0s left)
 113 GTR+F+I+G4   233290.150  2.087       ENSGALG00000002514.macse_DNA_gb+ENSGALG00000009085.macse_DNA_gb+ENSGALG00000012379.macse_DNA_gb+ENSGALG00000014038.macse_DNA_gb+ENSGALG00000016241.macse_DNA_gb	0h:0m:3s (0h:0m:0s left)
 114 GTR+F+I+G4   233285.294  1.074       ENSGALG00000013227.macse_DNA_gb+ENSGALG00000014648.macse_DNA_gb	0h:0m:3s (0h:0m:0s left)
 115 GTR+F+I+G4   233401.224  1.972       ENSGALG00000002514.macse_DNA_gb+ENSGALG00000008338.macse_DNA_gb+ENSGALG00000009085.macse_DNA_gb+ENSGALG00000012379.macse_DNA_gb+ENSGALG00000014038.macse_DNA_gb	0h:0m:3s (0h:0m:0s left)
Merging ENSGALG00000003700.macse_DNA_gb+ENSGALG00000005820.macse_DNA_gb with BIC score: 233278.509 (LnL: -115406.240  df: 248)
 116 GTR+F+I+G4   233206.293  1.683       ENSGALG00000003700.macse_DNA_gb+ENSGALG00000005820.macse_DNA_gb+ENSGALG00000015397.macse_DNA_gb	0h:0m:3s (0h:0m:0s left)
 117 GTR+F+I+G4   233244.099  1.670       ENSGALG00000002002.macse_DNA_gb+ENSGALG00000003700.macse_DNA_gb+ENSGALG00000005820.macse_DNA_gb	0h:0m:3s (0h:0m:0s left)
 118 GTR+F+I+G4   233210.846  1.147       ENSGALG00000005834.macse_DNA_gb+ENSGALG00000011917.macse_DNA_gb+ENSGALG00000014648.macse_DNA_gb	0h:0m:3s (0h:0m:0s left)
Merging ENSGALG00000003700.macse_DNA_gb+ENSGALG00000005820.macse_DNA_gb+ENSGALG00000015397.macse_DNA_gb with BIC score: 233206.293 (LnL: -115424.822  df: 237)
 119 GTR+F+I+G4   233168.865  1.767       ENSGALG00000002002.macse_DNA_gb+ENSGALG00000003700.macse_DNA_gb+ENSGALG00000005820.macse_DNA_gb+ENSGALG00000015397.macse_DNA_gb	0h:0m:3s (0h:0m:0s left)
 120 GTR+F+I+G4   233286.096  1.801       ENSGALG00000003700.macse_DNA_gb+ENSGALG00000005820.macse_DNA_gb+ENSGALG00000015326.macse_DNA_gb+ENSGALG00000015397.macse_DNA_gb	0h:0m:3s (0h:0m:0s left)
Merging ENSGALG00000013227.macse_DNA_gb+ENSGALG00000014648.macse_DNA_gb with BIC score: 233134.557 (LnL: -115443.644  df: 226)
 121 GTR+F+I+G4   233073.285  1.232       ENSGALG00000005834.macse_DNA_gb+ENSGALG00000011917.macse_DNA_gb+ENSGALG00000013227.macse_DNA_gb+ENSGALG00000014648.macse_DNA_gb	0h:0m:3s (0h:0m:0s left)
Merging ENSGALG00000003907.macse_DNA_gb+ENSGALG00000011323.macse_DNA_gb+ENSGALG00000012244.macse_DNA_gb with BIC score: 233064.566 (LnL: -115463.339  df: 215)
 122 GTR+F+I+G4   233005.963  2.270       ENSGALG00000003907.macse_DNA_gb+ENSGALG00000008338.macse_DNA_gb+ENSGALG00000011323.macse_DNA_gb+ENSGALG00000012244.macse_DNA_gb	0h:0m:3s (0h:0m:0s left)
 123 GTR+F+I+G4   233049.595  2.157       ENSGALG00000002514.macse_DNA_gb+ENSGALG00000003907.macse_DNA_gb+ENSGALG00000009085.macse_DNA_gb+ENSGALG00000011323.macse_DNA_gb+ENSGALG00000012244.macse_DNA_gb+ENSGALG00000012379.macse_DNA_gb+ENSGALG00000014038.macse_DNA_gb	0h:0m:3s (0h:0m:0s left)
Merging ENSGALG00000002514.macse_DNA_gb+ENSGALG00000009085.macse_DNA_gb+ENSGALG00000012379.macse_DNA_gb+ENSGALG00000014038.macse_DNA_gb+ENSGALG00000016241.macse_DNA_gb with BIC score: 232997.686 (LnL: -115484.589  df: 204)
 124 GTR+F+I+G4   233035.248  2.059       ENSGALG00000002514.macse_DNA_gb+ENSGALG00000008338.macse_DNA_gb+ENSGALG00000009085.macse_DNA_gb+ENSGALG00000012379.macse_DNA_gb+ENSGALG00000014038.macse_DNA_gb+ENSGALG00000016241.macse_DNA_gb	0h:0m:4s (0h:0m:0s left)
Merging ENSGALG00000005834.macse_DNA_gb+ENSGALG00000011917.macse_DNA_gb+ENSGALG00000013227.macse_DNA_gb+ENSGALG00000014648.macse_DNA_gb with BIC score: 232936.414 (LnL: -115508.643  df: 193)
 125 GTR+F+I+G4   232923.045  1.276       ENSGALG00000005834.macse_DNA_gb+ENSGALG00000005902.macse_DNA_gb+ENSGALG00000011917.macse_DNA_gb+ENSGALG00000012568.macse_DNA_gb+ENSGALG00000013227.macse_DNA_gb+ENSGALG00000014648.macse_DNA_gb	0h:0m:4s (0h:0m:0s left)
 126 GTR+F+I+G4   232947.108  1.397       ENSGALG00000003702.macse_DNA_gb+ENSGALG00000005834.macse_DNA_gb+ENSGALG00000011917.macse_DNA_gb+ENSGALG00000013227.macse_DNA_gb+ENSGALG00000014648.macse_DNA_gb	0h:0m:4s (0h:0m:0s left)
 127 GTR+F+I+G4   232846.522  1.255       ENSGALG00000005834.macse_DNA_gb+ENSGALG00000008517.macse_DNA_gb+ENSGALG00000011917.macse_DNA_gb+ENSGALG00000013227.macse_DNA_gb+ENSGALG00000014648.macse_DNA_gb	0h:0m:4s (0h:0m:0s left)
Merging ENSGALG00000005834.macse_DNA_gb+ENSGALG00000008517.macse_DNA_gb+ENSGALG00000011917.macse_DNA_gb+ENSGALG00000013227.macse_DNA_gb+ENSGALG00000014648.macse_DNA_gb with BIC score: 232846.522 (LnL: -115518.387  df: 182)
 128 GTR+F+I+G4   232850.439  1.290       ENSGALG00000005834.macse_DNA_gb+ENSGALG00000005902.macse_DNA_gb+ENSGALG00000008517.macse_DNA_gb+ENSGALG00000011917.macse_DNA_gb+ENSGALG00000012568.macse_DNA_gb+ENSGALG00000013227.macse_DNA_gb+ENSGALG00000014648.macse_DNA_gb	0h:0m:4s (0h:0m:0s left)
 129 GTR+F+I+G4   232866.227  1.396       ENSGALG00000003702.macse_DNA_gb+ENSGALG00000005834.macse_DNA_gb+ENSGALG00000008517.macse_DNA_gb+ENSGALG00000011917.macse_DNA_gb+ENSGALG00000013227.macse_DNA_gb+ENSGALG00000014648.macse_DNA_gb	0h:0m:4s (0h:0m:0s left)
Merging ENSGALG00000003907.macse_DNA_gb+ENSGALG00000008338.macse_DNA_gb+ENSGALG00000011323.macse_DNA_gb+ENSGALG00000012244.macse_DNA_gb with BIC score: 232787.919 (LnL: -115543.776  df: 171)
 130 GTR+F+I+G4   232740.299  2.294       ENSGALG00000003907.macse_DNA_gb+ENSGALG00000008338.macse_DNA_gb+ENSGALG00000009879.macse_DNA_gb+ENSGALG00000011323.macse_DNA_gb+ENSGALG00000012244.macse_DNA_gb	0h:0m:4s (0h:0m:0s left)
 131 GTR+F+I+G4   232689.089  2.337       ENSGALG00000000223.macse_DNA_gb+ENSGALG00000001529.macse_DNA_gb+ENSGALG00000003907.macse_DNA_gb+ENSGALG00000008338.macse_DNA_gb+ENSGALG00000011323.macse_DNA_gb+ENSGALG00000011966.macse_DNA_gb+ENSGALG00000012244.macse_DNA_gb	0h:0m:4s (0h:0m:0s left)
Merging ENSGALG00000000223.macse_DNA_gb+ENSGALG00000001529.macse_DNA_gb+ENSGALG00000003907.macse_DNA_gb+ENSGALG00000008338.macse_DNA_gb+ENSGALG00000011323.macse_DNA_gb+ENSGALG00000011966.macse_DNA_gb+ENSGALG00000012244.macse_DNA_gb with BIC score: 232689.089 (LnL: -115549.051  df: 160)
 132 GTR+F+I+G4   232647.241  2.341       ENSGALG00000000223.macse_DNA_gb+ENSGALG00000001529.macse_DNA_gb+ENSGALG00000003907.macse_DNA_gb+ENSGALG00000008338.macse_DNA_gb+ENSGALG00000009879.macse_DNA_gb+ENSGALG00000011323.macse_DNA_gb+ENSGALG00000011966.macse_DNA_gb+ENSGALG00000012244.macse_DNA_gb	0h:0m:4s (0h:0m:0s left)
Merging ENSGALG00000003702.macse_DNA_gb+ENSGALG00000005902.macse_DNA_gb+ENSGALG00000012568.macse_DNA_gb with BIC score: 232635.540 (LnL: -115576.967  df: 149)
 133 GTR+F+I+G4   232552.697  1.578       ENSGALG00000002002.macse_DNA_gb+ENSGALG00000003702.macse_DNA_gb+ENSGALG00000005902.macse_DNA_gb+ENSGALG00000012568.macse_DNA_gb	0h:0m:4s (0h:0m:0s left)
 134 GTR+F+I+G4   232671.505  2.348       ENSGALG00000000223.macse_DNA_gb+ENSGALG00000001529.macse_DNA_gb+ENSGALG00000003337.macse_DNA_gb+ENSGALG00000003907.macse_DNA_gb+ENSGALG00000008338.macse_DNA_gb+ENSGALG00000011323.macse_DNA_gb+ENSGALG00000011966.macse_DNA_gb+ENSGALG00000012244.macse_DNA_gb	0h:0m:5s (0h:0m:0s left)
Merging ENSGALG00000002002.macse_DNA_gb+ENSGALG00000003702.macse_DNA_gb+ENSGALG00000005902.macse_DNA_gb+ENSGALG00000012568.macse_DNA_gb with BIC score: 232552.697 (LnL: -115590.235  df: 138)
 135 GTR+F+I+G4   232545.588  1.701       ENSGALG00000002002.macse_DNA_gb+ENSGALG00000003702.macse_DNA_gb+ENSGALG00000005902.macse_DNA_gb+ENSGALG00000012568.macse_DNA_gb+ENSGALG00000015326.macse_DNA_gb	0h:0m:5s (0h:0m:0s left)
 136 GTR+F+I+G4   232534.428  1.701       ENSGALG00000002002.macse_DNA_gb+ENSGALG00000003700.macse_DNA_gb+ENSGALG00000003702.macse_DNA_gb+ENSGALG00000005820.macse_DNA_gb+ENSGALG00000005902.macse_DNA_gb+ENSGALG00000012568.macse_DNA_gb+ENSGALG00000015397.macse_DNA_gb	0h:0m:5s (0h:0m:0s left)
Merging ENSGALG00000000223.macse_DNA_gb+ENSGALG00000001529.macse_DNA_gb+ENSGALG00000003907.macse_DNA_gb+ENSGALG00000008338.macse_DNA_gb+ENSGALG00000009879.macse_DNA_gb+ENSGALG00000011323.macse_DNA_gb+ENSGALG00000011966.macse_DNA_gb+ENSGALG00000012244.macse_DNA_gb with BIC score: 232510.849 (LnL: -115624.001  df: 127)
 137 GTR+F+I+G4   232553.553  2.344       ENSGALG00000000223.macse_DNA_gb+ENSGALG00000001529.macse_DNA_gb+ENSGALG00000003337.macse_DNA_gb+ENSGALG00000003907.macse_DNA_gb+ENSGALG00000008338.macse_DNA_gb+ENSGALG00000009879.macse_DNA_gb+ENSGALG00000011323.macse_DNA_gb+ENSGALG00000011966.macse_DNA_gb+ENSGALG00000012244.macse_DNA_gb	0h:0m:6s (0h:0m:0s left)
Merging ENSGALG00000008916.macse_DNA_gb+ENSGALG00000011434.macse_DNA_gb with BIC score: 232473.204 (LnL: -115659.869  df: 116)
Merging ENSGALG00000002002.macse_DNA_gb+ENSGALG00000003700.macse_DNA_gb+ENSGALG00000003702.macse_DNA_gb+ENSGALG00000005820.macse_DNA_gb+ENSGALG00000005902.macse_DNA_gb+ENSGALG00000012568.macse_DNA_gb+ENSGALG00000015397.macse_DNA_gb with BIC score: 232454.935 (LnL: -115705.425  df: 105)
 138 GTR+F+I+G4   232489.531  1.752       ENSGALG00000002002.macse_DNA_gb+ENSGALG00000003700.macse_DNA_gb+ENSGALG00000003702.macse_DNA_gb+ENSGALG00000005820.macse_DNA_gb+ENSGALG00000005902.macse_DNA_gb+ENSGALG00000012568.macse_DNA_gb+ENSGALG00000015326.macse_DNA_gb+ENSGALG00000015397.macse_DNA_gb	0h:0m:6s (0h:0m:0s left)
Agglomerative model selection: ((((ENSGALG00000000223.macse_DNA_gb,(ENSGALG00000001529.macse_DNA_gb,ENSGALG00000011966.macse_DNA_gb)2:233890)3:233796,(((ENSGALG00000003907.macse_DNA_gb,ENSGALG00000011323.macse_DNA_gb)1:233987,ENSGALG00000012244.macse_DNA_gb)12:233065,ENSGALG00000008338.macse_DNA_gb)16:232788)17:232689,ENSGALG00000009879.macse_DNA_gb)20:232511,((ENSGALG00000002002.macse_DNA_gb,(ENSGALG00000003702.macse_DNA_gb,(ENSGALG00000005902.macse_DNA_gb,ENSGALG00000012568.macse_DNA_gb)7:233436)18:232636)19:232553,((ENSGALG00000003700.macse_DNA_gb,ENSGALG00000005820.macse_DNA_gb)9:233279,ENSGALG00000015397.macse_DNA_gb)10:233206)22:232455,((ENSGALG00000002514.macse_DNA_gb,((ENSGALG00000009085.macse_DNA_gb,ENSGALG00000012379.macse_DNA_gb)4:233701,ENSGALG00000014038.macse_DNA_gb)5:233612)8:233357,ENSGALG00000016241.macse_DNA_gb)13:232998,ENSGALG00000003337.macse_DNA_gb,(((ENSGALG00000005834.macse_DNA_gb,ENSGALG00000011917.macse_DNA_gb)6:233523,(ENSGALG00000013227.macse_DNA_gb,ENSGALG00000014648.macse_DNA_gb)11:233135)14:232936,ENSGALG00000008517.macse_DNA_gb)15:232847,(ENSGALG00000008916.macse_DNA_gb,ENSGALG00000011434.macse_DNA_gb)21:232473,ENSGALG00000015326.macse_DNA_gb)
Merging into 7 partitions...
 139 TIM3+F+I+G4  57254.076   ENSGALG00000002002.macse_DNA_gb+ENSGALG00000003700.macse_DNA_gb+ENSGALG00000003702.macse_DNA_gb+ENSGALG00000005820.macse_DNA_gb+ENSGALG00000005902.macse_DNA_gb+ENSGALG00000012568.macse_DNA_gb+ENSGALG00000015397.macse_DNA_gb	0h:0m:14s (0h:0m:-3s left)
 140 GTR+F+I+G4   38957.582   ENSGALG00000002514.macse_DNA_gb+ENSGALG00000009085.macse_DNA_gb+ENSGALG00000012379.macse_DNA_gb+ENSGALG00000014038.macse_DNA_gb+ENSGALG00000016241.macse_DNA_gb	0h:0m:53s (0h:0m:-11s left)
 141 TIM2+F+G4    35173.507   ENSGALG00000005834.macse_DNA_gb+ENSGALG00000008517.macse_DNA_gb+ENSGALG00000011917.macse_DNA_gb+ENSGALG00000013227.macse_DNA_gb+ENSGALG00000014648.macse_DNA_gb	0h:0m:56s (0h:0m:-12s left)
 142 TIM2e+I+G4   12491.026   ENSGALG00000003337.macse_DNA_gb	0h:0m:57s (0h:0m:-12s left)
 143 TVMe+I+G4    13504.000   ENSGALG00000008916.macse_DNA_gb+ENSGALG00000011434.macse_DNA_gb	0h:0m:58s (0h:0m:-13s left)
 144 TIM+F+G4     7539.045    ENSGALG00000015326.macse_DNA_gb	0h:0m:58s (0h:0m:-13s left)
 145 TPM3+F+I+G4  66995.241   ENSGALG00000000223.macse_DNA_gb+ENSGALG00000001529.macse_DNA_gb+ENSGALG00000003907.macse_DNA_gb+ENSGALG00000008338.macse_DNA_gb+ENSGALG00000009879.macse_DNA_gb+ENSGALG00000011323.macse_DNA_gb+ENSGALG00000011966.macse_DNA_gb+ENSGALG00000012244.macse_DNA_gb	0h:2m:19s (0h:0m:-31s left)
Best partition model BIC score: 232316.965 (LnL: -115735.876  df:85)
Partition information was printed to data/turtle.merge.best_scheme.nex
Partition information in Raxml format was printed to data/turtle.merge.best_scheme

All model information printed to data/turtle.merge.model.gz
CPU time for ModelFinder: 200.505 seconds (0h:3m:20s)
Wall-clock time for ModelFinder: 141.092 seconds (0h:2m:21s)
Generating 1000 samples for ultrafast bootstrap (seed: 271701)...

NOTE: 51 MB RAM (0 GB) is required!
Estimate model parameters (epsilon = 0.100)
Initial log-likelihood: -115764.084
Current log-likelihood at step 1: -115737.227
Current log-likelihood at step 2: -115734.923
Current log-likelihood at step 3: -115734.456
Current log-likelihood at step 4: -115734.159
Current log-likelihood at step 5: -115733.930
Current log-likelihood at step 6: -115733.736
Current log-likelihood at step 7: -115733.555
Current log-likelihood at step 8: -115733.394
Current log-likelihood at step 9: -115733.245
Current log-likelihood at step 10: -115733.107
Current log-likelihood at step 11: -115732.977
Current log-likelihood at step 12: -115732.855
Current log-likelihood at step 13: -115732.743
Current log-likelihood at step 14: -115732.639
Current log-likelihood at step 15: -115732.541
Partition-specific rates:  1.180 0.859 1.051 1.247 0.619 1.830 1.159
Parameters optimization took 14 rounds (0.865 sec)

Computing ML distances based on estimated model parameters...
Computing ML distances took 0.000053 sec (of wall-clock time) 0.000071 sec(of CPU time)
WARNING: Some pairwise ML distances are too long (saturated)
Computing RapidNJ tree took 0.000142 sec (of wall-clock time) 0.000142 sec (of CPU time)
Log-likelihood of RapidNJ tree: -121253.618
--------------------------------------------------------------------
|             INITIALIZING CANDIDATE TREE SET                      |
--------------------------------------------------------------------
Generating 98 parsimony trees... 0.928 second
Computing log-likelihood of 98 initial trees ... 1.171 seconds
Current best score: -115732.541

Do NNI search on 20 best initial trees
Estimate model parameters (epsilon = 0.100)
Initial log-likelihood: -115732.541
Current log-likelihood at step 1: -115732.450
Parameters optimization took 0 rounds (0.055 sec)

BETTER TREE FOUND at iteration 1: -115732.450
Iteration 10 / LogL: -115747.068 / Time: 0h:0m:5s
Iteration 20 / LogL: -115733.194 / Time: 0h:0m:8s
Finish initializing candidate tree set (1)
Current best tree score: -115732.450 / CPU time: 7.629
Number of iterations: 20
--------------------------------------------------------------------
|               OPTIMIZING CANDIDATE TREE SET                      |
--------------------------------------------------------------------
Iteration 30 / LogL: -115732.502 / Time: 0h:0m:10s (0h:0m:26s left)
Iteration 40 / LogL: -115762.442 / Time: 0h:0m:13s (0h:0m:20s left)
Iteration 50 / LogL: -115736.629 / Time: 0h:0m:15s (0h:0m:15s left)
Log-likelihood cutoff on original alignment: -115776.241
Iteration 60 / LogL: -115736.047 / Time: 0h:0m:17s (0h:0m:12s left)
Iteration 70 / LogL: -115732.696 / Time: 0h:0m:19s (0h:0m:8s left)
Iteration 80 / LogL: -115762.743 / Time: 0h:0m:22s (0h:0m:5s left)
Iteration 90 / LogL: -115732.640 / Time: 0h:0m:24s (0h:0m:3s left)
Iteration 100 / LogL: -115734.774 / Time: 0h:0m:26s (0h:0m:0s left)
Log-likelihood cutoff on original alignment: -115777.095
NOTE: Bootstrap correlation coefficient of split occurrence frequencies: 1.000
TREE SEARCH COMPLETED AFTER 102 ITERATIONS / Time: 0h:0m:27s

--------------------------------------------------------------------
|                    FINALIZING TREE SEARCH                        |
--------------------------------------------------------------------
Performs final model parameters optimization
Estimate model parameters (epsilon = 0.010)
Initial log-likelihood: -115732.450
Current log-likelihood at step 1: -115732.365
Current log-likelihood at step 2: -115732.286
Current log-likelihood at step 3: -115732.213
Current log-likelihood at step 4: -115732.146
Current log-likelihood at step 5: -115732.085
Current log-likelihood at step 6: -115732.027
Current log-likelihood at step 7: -115731.973
Current log-likelihood at step 8: -115731.922
Current log-likelihood at step 9: -115731.878
Current log-likelihood at step 10: -115731.835
Current log-likelihood at step 11: -115731.796
Current log-likelihood at step 12: -115731.759
Current log-likelihood at step 13: -115731.726
Current log-likelihood at step 14: -115731.694
Current log-likelihood at step 15: -115731.667
Current log-likelihood at step 16: -115731.641
Current log-likelihood at step 17: -115731.617
Current log-likelihood at step 18: -115731.594
Current log-likelihood at step 19: -115731.574
Current log-likelihood at step 20: -115731.555
Current log-likelihood at step 21: -115731.538
Current log-likelihood at step 22: -115731.522
Current log-likelihood at step 23: -115731.508
Current log-likelihood at step 24: -115731.494
Current log-likelihood at step 25: -115731.481
Current log-likelihood at step 26: -115731.470
Current log-likelihood at step 27: -115731.460
Partition-specific rates:  1.180 0.860 1.050 1.243 0.620 1.834 1.161
Parameters optimization took 26 rounds (1.612 sec)

Partition information was printed to data/turtle.merge.best_model.nex
BEST SCORE FOUND : -115731.460
Creating bootstrap support values...
Split supports printed to NEXUS file data/turtle.merge.splits.nex
Total tree length: 1.960

Total number of iterations: 102
CPU time used for tree search: 50.709 sec (0h:0m:50s)
Wall-clock time used for tree search: 25.768 sec (0h:0m:25s)
Total CPU time used: 56.544 sec (0h:0m:56s)
Total wall-clock time used: 28.704 sec (0h:0m:28s)

Computing bootstrap consensus tree...
Reading input file data/turtle.merge.splits.nex...
16 taxa and 36 splits.
Consensus tree written to data/turtle.merge.contree
Reading input trees file data/turtle.merge.contree
Log-likelihood of consensus tree: -115731.460

Analysis results written to: 
  IQ-TREE report:                data/turtle.merge.iqtree
  Maximum-likelihood tree:       data/turtle.merge.treefile
  Likelihood distances:          data/turtle.merge.mldist
  Best partitioning scheme:      data/turtle.merge.best_scheme.nex
           in RAxML format:      data/turtle.merge.best_scheme

Ultrafast bootstrap approximation results written to:
  Split support values:          data/turtle.merge.splits.nex
  Consensus tree:                data/turtle.merge.contree
  Screen log file:               data/turtle.merge.log

Date and Time: Tue Feb 14 09:51:28 2023
