IQ-TREE multicore version 2.1.2 COVID-edition for Linux 64-bit built Oct 22 2020
Developed by Bui Quang Minh, James Barbetti, Nguyen Lam Tung,
Olga Chernomor, Heiko Schmidt, Dominik Schrempf, Michael Woodhams.

Host:    toyano22 (AVX512, FMA3, 7 GB RAM)
Command: iqtree2 -s data/turtle.fa -p data/turtle.nex -B 1000 -T 2
Seed:    372843 (Using SPRNG - Scalable Parallel Random Number Generator)
Time:    Mon Feb 13 20:40:01 2023
Kernel:  AVX+FMA - 2 threads (8 CPU cores detected)

Reading partition model file data/turtle.nex ...
Reading alignment file data/turtle.fa ... Fasta format detected
Alignment most likely contains DNA/RNA sequences
Alignment has 16 sequences with 20820 columns, 8574 distinct patterns
6084 parsimony-informative, 3551 singleton sites, 11185 constant sites
                   Gap/Ambiguity  Composition  p-value
   1  protopterus         67.26%    failed      0.00%
   2  Anolis               1.61%    passed     48.30%
   3  Gallus               0.01%    passed     11.30%
   4  Homo                 0.29%    passed     68.82%
   5  Monodelphis          0.46%    failed      0.21%
   6  Ornithorhynchus      3.73%    failed      0.00%
   7  Taeniopygia          2.10%    failed      0.00%
   8  Xenopus              1.50%    passed     27.31%
   9  alligator           80.50%    passed     19.63%
  10  emys_orbicularis    56.95%    passed     71.94%
  11  phrynops            36.77%    passed     17.20%
  12  caiman              41.06%    passed      5.16%
  13  caretta             36.33%    passed      6.75%
  14  python              65.18%    failed      0.00%
  15  chelonoidis_nigra   68.53%    failed      0.77%
  16  podarcis            76.21%    failed      0.14%
WARNING: 6 sequences contain more than 50% gaps/ambiguity
****  TOTAL               33.66%  7 sequences failed composition chi2 test (p-value<5%; df=3)
NOTE: No CharPartition defined, use all CharSets

Loading 29 partitions...
Subset	Type	Seqs	Sites	Infor	Invar	Model	Name
1		11	846	282	382		ENSGALG00000000223.macse_DNA_gb
2		10	522	193	227		ENSGALG00000001529.macse_DNA_gb
3		10	672	194	351		ENSGALG00000002002.macse_DNA_gb
4		14	732	222	422		ENSGALG00000002514.macse_DNA_gb
5		15	966	313	556		ENSGALG00000003337.macse_DNA_gb
6		14	885	257	525		ENSGALG00000003700.macse_DNA_gb
7		10	1545	359	833		ENSGALG00000003702.macse_DNA_gb
8		12	480	176	225		ENSGALG00000003907.macse_DNA_gb
9		12	576	176	318		ENSGALG00000005820.macse_DNA_gb
10		15	696	129	483		ENSGALG00000005834.macse_DNA_gb
11		13	570	124	334		ENSGALG00000005902.macse_DNA_gb
12		12	792	283	334		ENSGALG00000008338.macse_DNA_gb
13		11	540	129	329		ENSGALG00000008517.macse_DNA_gb
14		12	546	231	262		ENSGALG00000008916.macse_DNA_gb
15		11	930	243	547		ENSGALG00000009085.macse_DNA_gb
16		13	597	239	261		ENSGALG00000009879.macse_DNA_gb
17		9	900	290	406		ENSGALG00000011323.macse_DNA_gb
18		10	447	201	211		ENSGALG00000011434.macse_DNA_gb
19		12	981	172	659		ENSGALG00000011917.macse_DNA_gb
20		10	468	169	191		ENSGALG00000011966.macse_DNA_gb
21		13	753	233	387		ENSGALG00000012244.macse_DNA_gb
22		13	519	149	292		ENSGALG00000012379.macse_DNA_gb
23		9	630	158	382		ENSGALG00000012568.macse_DNA_gb
24		10	1302	279	815		ENSGALG00000013227.macse_DNA_gb
25		11	561	176	297		ENSGALG00000014038.macse_DNA_gb
26		9	498	96	314		ENSGALG00000014648.macse_DNA_gb
27		10	597	187	238		ENSGALG00000015326.macse_DNA_gb
28		12	594	175	281		ENSGALG00000015397.macse_DNA_gb
29		13	675	249	323		ENSGALG00000016241.macse_DNA_gb
Degree of missing data: 0.276
Info: multi-threading strategy over partitions



Create initial parsimony tree by phylogenetic likelihood library (PLL)... 0.009 seconds
Perform fast likelihood tree search using GTR+I+G model...
Estimate model parameters (epsilon = 5.000)
Initial log-likelihood: -120782.688
Current log-likelihood at step 1: -115479.261
Current log-likelihood at step 2: -115369.679
Current log-likelihood at step 3: -115366.429
Parameters optimization took 2 rounds (0.542 sec)

Perform nearest neighbor interchange...
Estimate model parameters (epsilon = 1.000)
Initial log-likelihood: -115363.315
Current log-likelihood at step 1: -115358.285
Current log-likelihood at step 2: -115356.236
Current log-likelihood at step 3: -115354.616
Current log-likelihood at step 4: -115352.863
Current log-likelihood at step 5: -115350.938
Current log-likelihood at step 6: -115348.807
Current log-likelihood at step 7: -115346.463
Current log-likelihood at step 8: -115343.944
Current log-likelihood at step 9: -115341.588
Current log-likelihood at step 10: -115339.536
Current log-likelihood at step 11: -115337.808
Current log-likelihood at step 12: -115336.166
Current log-likelihood at step 13: -115334.473
Current log-likelihood at step 14: -115332.632
Current log-likelihood at step 15: -115330.648
Current log-likelihood at step 16: -115328.564
Current log-likelihood at step 17: -115326.628
Current log-likelihood at step 18: -115324.976
Current log-likelihood at step 19: -115323.540
Current log-likelihood at step 20: -115322.218
Current log-likelihood at step 21: -115321.054
Current log-likelihood at step 22: -115320.017
Current log-likelihood at step 23: -115319.306
Partition-specific rates:  1.098 1.334 1.063 1.018 1.251 0.767 0.876 1.105 0.783 0.479 0.646 1.058 0.695 1.810 1.022 1.204 1.273 1.914 0.596 1.323 1.147 1.002 0.805 0.691 0.911 0.657 1.131 0.976 1.260
Parameters optimization took 22 rounds (1.298 sec)

Time for fast ML tree search: 1.963 seconds

NOTE: ModelFinder requires 7 MB RAM!
Selecting individual models for 29 charsets using BIC...
 No. Model        Score       TreeLen     Charset
   1 TN+F+G4      15318.571   1.291       ENSGALG00000003702.macse_DNA_gb
   2 TIM2e+I+G4   12490.665   2.486       ENSGALG00000003337.macse_DNA_gb
   3 TIM2+F+G4    9492.409    1.466       ENSGALG00000003700.macse_DNA_gb
   4 TIM3e+G4     10372.552   1.976       ENSGALG00000008338.macse_DNA_gb
   5 TVM+F+I+G4   8644.001    1.978       ENSGALG00000002514.macse_DNA_gb
   6 K2P+I+G4     10217.456   1.992       ENSGALG00000000223.macse_DNA_gb
   7 TPM2+F+I+G4  8816.436    2.067       ENSGALG00000016241.macse_DNA_gb
   8 TN+F+G4      8391.535    2.242       ENSGALG00000009879.macse_DNA_gb
   9 TPM2+F+G4    11186.552   1.050       ENSGALG00000013227.macse_DNA_gb
  10 TIM2+F+R3    9139.325    1.858       ENSGALG00000009085.macse_DNA_gb	0h:0m:9s (0h:0m:17s left)
  11 TPM3+F+G4    10571.909   1.846       ENSGALG00000011323.macse_DNA_gb	0h:0m:9s (0h:0m:15s left)
  12 TIM2+F+G4    6133.757    0.931       ENSGALG00000005834.macse_DNA_gb	0h:0m:10s (0h:0m:15s left)
  13 TIM2+F+G4    7319.483    1.593       ENSGALG00000015397.macse_DNA_gb	0h:0m:11s (0h:0m:14s left)
  14 SYM+G4       8791.240    1.735       ENSGALG00000012244.macse_DNA_gb	0h:0m:11s (0h:0m:12s left)
  15 K2P+I+G4     5943.391    1.718       ENSGALG00000003907.macse_DNA_gb	0h:0m:12s (0h:0m:11s left)
  16 TIM3+F+G4    8240.450    0.937       ENSGALG00000011917.macse_DNA_gb	0h:0m:12s (0h:0m:10s left)
  17 TNe+I        6245.229    1.437       ENSGALG00000005820.macse_DNA_gb	0h:0m:12s (0h:0m:9s left)
  18 TPM2+F+I+G4  7386.192    2.693       ENSGALG00000008916.macse_DNA_gb	0h:0m:13s (0h:0m:8s left)
  19 TN+F+G4      5784.307    1.546       ENSGALG00000012379.macse_DNA_gb	0h:0m:13s (0h:0m:7s left)
  20 TIM+F+G4     7539.049    1.727       ENSGALG00000015326.macse_DNA_gb	0h:0m:13s (0h:0m:6s left)
  21 K2P+G4       6857.745    2.045       ENSGALG00000001529.macse_DNA_gb	0h:0m:14s (0h:0m:5s left)
  22 TN+F+G4      6676.025    1.721       ENSGALG00000014038.macse_DNA_gb	0h:0m:14s (0h:0m:4s left)
  23 TN+F+G4      7263.923    1.564       ENSGALG00000002002.macse_DNA_gb	0h:0m:14s (0h:0m:3s left)
  24 TIM3e+I+G4   6108.713    2.709       ENSGALG00000011434.macse_DNA_gb	0h:0m:14s (0h:0m:3s left)
  25 K2P+G4       5955.897    1.933       ENSGALG00000011966.macse_DNA_gb	0h:0m:15s (0h:0m:2s left)
  26 TNe+G4       5754.518    1.188       ENSGALG00000005902.macse_DNA_gb	0h:0m:15s (0h:0m:1s left)
  27 TPM2+F+G4    5448.224    1.300       ENSGALG00000008517.macse_DNA_gb	0h:0m:15s (0h:0m:1s left)
  28 TNe+G4       5864.932    1.162       ENSGALG00000012568.macse_DNA_gb	0h:0m:15s (0h:0m:0s left)
  29 TN+F+G4      4239.168    0.930       ENSGALG00000014648.macse_DNA_gb	0h:0m:15s (0h:0m:0s left)
Full partition model BIC score: 233115.523 (LnL: -115473.901  df:218)
Partition information was printed to data/turtle.nex.best_scheme.nex
Partition information in Raxml format was printed to data/turtle.nex.best_scheme

All model information printed to data/turtle.nex.model.gz
CPU time for ModelFinder: 35.739 seconds (0h:0m:35s)
Wall-clock time for ModelFinder: 17.883 seconds (0h:0m:17s)
Generating 1000 samples for ultrafast bootstrap (seed: 372843)...

NOTE: 47 MB RAM (0 GB) is required!
Estimate model parameters (epsilon = 0.100)
Initial log-likelihood: -115651.117
Current log-likelihood at step 1: -115487.519
Current log-likelihood at step 2: -115474.515
Current log-likelihood at step 3: -115473.887
Current log-likelihood at step 4: -115473.595
Current log-likelihood at step 5: -115473.426
Current log-likelihood at step 6: -115473.312
Current log-likelihood at step 7: -115473.232
Partition-specific rates:  1.105 1.322 1.061 1.039 1.236 0.756 0.877 1.092 0.786 0.467 0.646 1.054 0.691 1.798 1.181 1.188 1.276 1.841 0.606 1.312 1.090 0.968 0.803 0.679 0.907 0.647 1.147 0.977 1.257
Parameters optimization took 6 rounds (0.379 sec)

Computing ML distances based on estimated model parameters...
Computing ML distances took 0.000067 sec (of wall-clock time) 0.000068 sec(of CPU time)
WARNING: Some pairwise ML distances are too long (saturated)
Computing RapidNJ tree took 0.000165 sec (of wall-clock time) 0.000828 sec (of CPU time)
Log-likelihood of RapidNJ tree: -121330.901
--------------------------------------------------------------------
|             INITIALIZING CANDIDATE TREE SET                      |
--------------------------------------------------------------------
Generating 98 parsimony trees... 1.336 second
Computing log-likelihood of 98 initial trees ... 1.330 seconds
Current best score: -115473.232

Do NNI search on 20 best initial trees
Estimate model parameters (epsilon = 0.100)
Initial log-likelihood: -115473.232
Current log-likelihood at step 1: -115473.178
Parameters optimization took 0 rounds (0.058 sec)

BETTER TREE FOUND at iteration 1: -115473.178
Iteration 10 / LogL: -115473.363 / Time: 0h:0m:6s
Iteration 20 / LogL: -115504.216 / Time: 0h:0m:9s
Finish initializing candidate tree set (1)
Current best tree score: -115473.178 / CPU time: 9.099
Number of iterations: 20
--------------------------------------------------------------------
|               OPTIMIZING CANDIDATE TREE SET                      |
--------------------------------------------------------------------
Iteration 30 / LogL: -115477.576 / Time: 0h:0m:12s (0h:0m:30s left)
Iteration 40 / LogL: -115477.275 / Time: 0h:0m:15s (0h:0m:24s left)
Iteration 50 / LogL: -115476.950 / Time: 0h:0m:20s (0h:0m:20s left)
Log-likelihood cutoff on original alignment: -115533.468
Iteration 60 / LogL: -115503.055 / Time: 0h:0m:22s (0h:0m:15s left)
Iteration 70 / LogL: -115477.811 / Time: 0h:0m:25s (0h:0m:11s left)
Iteration 80 / LogL: -115473.185 / Time: 0h:0m:28s (0h:0m:7s left)
UPDATE BEST LOG-LIKELIHOOD: -115473.178
Iteration 90 / LogL: -115473.178 / Time: 0h:0m:31s (0h:0m:3s left)
Iteration 100 / LogL: -115478.819 / Time: 0h:0m:34s (0h:0m:0s left)
Log-likelihood cutoff on original alignment: -115533.468
NOTE: Bootstrap correlation coefficient of split occurrence frequencies: 1.000
TREE SEARCH COMPLETED AFTER 102 ITERATIONS / Time: 0h:0m:34s

--------------------------------------------------------------------
|                    FINALIZING TREE SEARCH                        |
--------------------------------------------------------------------
Performs final model parameters optimization
Estimate model parameters (epsilon = 0.010)
Initial log-likelihood: -115473.178
Current log-likelihood at step 1: -115473.137
Current log-likelihood at step 2: -115473.106
Current log-likelihood at step 3: -115473.080
Current log-likelihood at step 4: -115473.059
Current log-likelihood at step 5: -115473.041
Current log-likelihood at step 6: -115473.026
Current log-likelihood at step 7: -115473.014
Current log-likelihood at step 8: -115473.003
Current log-likelihood at step 9: -115472.994
Partition-specific rates:  1.104 1.321 1.062 1.038 1.232 0.756 0.877 1.089 0.786 0.467 0.647 1.054 0.692 1.797 1.186 1.189 1.277 1.840 0.606 1.311 1.090 0.968 0.802 0.680 0.906 0.647 1.148 0.977 1.253
Parameters optimization took 8 rounds (0.374 sec)

Partition information was printed to data/turtle.nex.best_model.nex
BEST SCORE FOUND : -115472.994
Creating bootstrap support values...
Split supports printed to NEXUS file data/turtle.nex.splits.nex
Total tree length: 1.995

Total number of iterations: 102
CPU time used for tree search: 66.861 sec (0h:1m:6s)
Wall-clock time used for tree search: 34.017 sec (0h:0m:34s)
Total CPU time used: 69.394 sec (0h:1m:9s)
Total wall-clock time used: 35.253 sec (0h:0m:35s)

Computing bootstrap consensus tree...
Reading input file data/turtle.nex.splits.nex...
16 taxa and 36 splits.
Consensus tree written to data/turtle.nex.contree
Reading input trees file data/turtle.nex.contree
Log-likelihood of consensus tree: -115472.994

Analysis results written to: 
  IQ-TREE report:                data/turtle.nex.iqtree
  Maximum-likelihood tree:       data/turtle.nex.treefile
  Likelihood distances:          data/turtle.nex.mldist

Ultrafast bootstrap approximation results written to:
  Split support values:          data/turtle.nex.splits.nex
  Consensus tree:                data/turtle.nex.contree
  Screen log file:               data/turtle.nex.log

Date and Time: Mon Feb 13 20:40:54 2023
